2017/06/28 2:10:05 にビルドを開始しました。
     1>ノード 2 上のプロジェクト "C:\Users\Naruse-PC\Documents\Visual Studio 2013\Projects\Project5\Project5\Project5.vcxproj" (Build ターゲット)。
     1>ClCompile:
         C:\Program Files (x86)\Microsoft Visual Studio 12.0\VC\bin\CL.exe /c /I"C:\Program Files (x86)\opencv\\build\include" /ZI /nologo /W3 /WX- /sdl /Od /Oy- /D _MBCS /Gm /EHsc /RTC1 /MDd /GS /fp:precise /Zc:wchar_t /Zc:forScope /Fo"Debug\\" /Fd"Debug\vc120.pdb" /Gd /TP /analyze- /errorReport:prompt main.cpp
         main.cpp
     1>c:\users\naruse-pc\documents\visual studio 2013\projects\project5\project5\main.cpp(60): warning C4305: '引数' : 'int' から 'char' へ切り詰めます。
     1>c:\users\naruse-pc\documents\visual studio 2013\projects\project5\project5\main.cpp(60): warning C4309: '引数' : 定数値が切り捨てられました。
     1>c:\users\naruse-pc\documents\visual studio 2013\projects\project5\project5\main.cpp(197): warning C4244: '引数' : 'int' から 'float' への変換です。データが失われる可能性があります。
     1>c:\users\naruse-pc\documents\visual studio 2013\projects\project5\project5\main.cpp(200): warning C4244: '引数' : 'const int' から 'float' への変換です。データが失われる可能性があります。
     1>c:\users\naruse-pc\documents\visual studio 2013\projects\project5\project5\main.cpp(234): warning C4244: '引数' : 'int' から 'float' への変換です。データが失われる可能性があります。
     1>c:\users\naruse-pc\documents\visual studio 2013\projects\project5\project5\main.cpp(236): warning C4244: '引数' : 'const int' から 'float' への変換です。データが失われる可能性があります。
     1>c:\users\naruse-pc\documents\visual studio 2013\projects\project5\project5\main.cpp(271): warning C4244: '引数' : 'int' から 'float' への変換です。データが失われる可能性があります。
     1>c:\users\naruse-pc\documents\visual studio 2013\projects\project5\project5\main.cpp(273): warning C4244: '引数' : 'const int' から 'float' への変換です。データが失われる可能性があります。
     1>c:\users\naruse-pc\documents\visual studio 2013\projects\project5\project5\main.cpp(305): warning C4244: '引数' : 'int' から 'float' への変換です。データが失われる可能性があります。
     1>c:\users\naruse-pc\documents\visual studio 2013\projects\project5\project5\main.cpp(307): warning C4244: '引数' : 'const int' から 'float' への変換です。データが失われる可能性があります。
     1>c:\users\naruse-pc\documents\visual studio 2013\projects\project5\project5\main.cpp(394): warning C4244: '=' : 'double' から 'int' への変換です。データが失われる可能性があります。
     1>c:\users\naruse-pc\documents\visual studio 2013\projects\project5\project5\main.cpp(395): warning C4244: '=' : 'double' から 'int' への変換です。データが失われる可能性があります。
     1>c:\users\naruse-pc\documents\visual studio 2013\projects\project5\project5\main.cpp(401): warning C4244: '=' : 'double' から 'int' への変換です。データが失われる可能性があります。
     1>c:\users\naruse-pc\documents\visual studio 2013\projects\project5\project5\main.cpp(402): warning C4244: '=' : 'double' から 'int' への変換です。データが失われる可能性があります。
     1>c:\users\naruse-pc\documents\visual studio 2013\projects\project5\project5\main.cpp(408): warning C4244: '=' : 'double' から 'int' への変換です。データが失われる可能性があります。
     1>c:\users\naruse-pc\documents\visual studio 2013\projects\project5\project5\main.cpp(409): warning C4244: '=' : 'double' から 'int' への変換です。データが失われる可能性があります。
     1>c:\users\naruse-pc\documents\visual studio 2013\projects\project5\project5\main.cpp(416): warning C4244: '=' : 'double' から 'int' への変換です。データが失われる可能性があります。
     1>c:\users\naruse-pc\documents\visual studio 2013\projects\project5\project5\main.cpp(417): warning C4244: '=' : 'double' から 'int' への変換です。データが失われる可能性があります。
     1>c:\users\naruse-pc\documents\visual studio 2013\projects\project5\project5\main.cpp(424): warning C4244: '=' : 'double' から 'int' への変換です。データが失われる可能性があります。
     1>c:\users\naruse-pc\documents\visual studio 2013\projects\project5\project5\main.cpp(425): warning C4244: '=' : 'double' から 'int' への変換です。データが失われる可能性があります。
     1>c:\users\naruse-pc\documents\visual studio 2013\projects\project5\project5\main.cpp(431): warning C4244: '=' : 'double' から 'int' への変換です。データが失われる可能性があります。
     1>c:\users\naruse-pc\documents\visual studio 2013\projects\project5\project5\main.cpp(432): warning C4244: '=' : 'double' から 'int' への変換です。データが失われる可能性があります。
     1>c:\users\naruse-pc\documents\visual studio 2013\projects\project5\project5\main.cpp(438): warning C4244: '=' : 'double' から 'int' への変換です。データが失われる可能性があります。
     1>c:\users\naruse-pc\documents\visual studio 2013\projects\project5\project5\main.cpp(439): warning C4244: '=' : 'double' から 'int' への変換です。データが失われる可能性があります。
     1>c:\users\naruse-pc\documents\visual studio 2013\projects\project5\project5\main.cpp(445): warning C4244: '=' : 'double' から 'int' への変換です。データが失われる可能性があります。
     1>c:\users\naruse-pc\documents\visual studio 2013\projects\project5\project5\main.cpp(446): warning C4244: '=' : 'double' から 'int' への変換です。データが失われる可能性があります。
     1>c:\users\naruse-pc\documents\visual studio 2013\projects\project5\project5\main.cpp(452): warning C4244: '=' : 'double' から 'int' への変換です。データが失われる可能性があります。
     1>c:\users\naruse-pc\documents\visual studio 2013\projects\project5\project5\main.cpp(453): warning C4244: '=' : 'double' から 'int' への変換です。データが失われる可能性があります。
     1>c:\users\naruse-pc\documents\visual studio 2013\projects\project5\project5\main.cpp(459): warning C4244: '=' : 'double' から 'int' への変換です。データが失われる可能性があります。
     1>c:\users\naruse-pc\documents\visual studio 2013\projects\project5\project5\main.cpp(460): warning C4244: '=' : 'double' から 'int' への変換です。データが失われる可能性があります。
     1>c:\users\naruse-pc\documents\visual studio 2013\projects\project5\project5\main.cpp(466): warning C4244: '=' : 'double' から 'int' への変換です。データが失われる可能性があります。
     1>c:\users\naruse-pc\documents\visual studio 2013\projects\project5\project5\main.cpp(467): warning C4244: '=' : 'double' から 'int' への変換です。データが失われる可能性があります。
     1>c:\users\naruse-pc\documents\visual studio 2013\projects\project5\project5\main.cpp(472): warning C4244: '=' : 'double' から 'int' への変換です。データが失われる可能性があります。
     1>c:\users\naruse-pc\documents\visual studio 2013\projects\project5\project5\main.cpp(473): warning C4244: '=' : 'double' から 'int' への変換です。データが失われる可能性があります。
     1>c:\users\naruse-pc\documents\visual studio 2013\projects\project5\project5\main.cpp(478): warning C4244: '=' : 'double' から 'int' への変換です。データが失われる可能性があります。
     1>c:\users\naruse-pc\documents\visual studio 2013\projects\project5\project5\main.cpp(479): warning C4244: '=' : 'double' から 'int' への変換です。データが失われる可能性があります。
     1>c:\users\naruse-pc\documents\visual studio 2013\projects\project5\project5\main.cpp(484): warning C4244: '=' : 'double' から 'int' への変換です。データが失われる可能性があります。
     1>c:\users\naruse-pc\documents\visual studio 2013\projects\project5\project5\main.cpp(485): warning C4244: '=' : 'double' から 'int' への変換です。データが失われる可能性があります。
     1>c:\users\naruse-pc\documents\visual studio 2013\projects\project5\project5\main.cpp(490): warning C4244: '=' : 'double' から 'int' への変換です。データが失われる可能性があります。
     1>c:\users\naruse-pc\documents\visual studio 2013\projects\project5\project5\main.cpp(491): warning C4244: '=' : 'double' から 'int' への変換です。データが失われる可能性があります。
     1>c:\users\naruse-pc\documents\visual studio 2013\projects\project5\project5\main.cpp(69): warning C4101: 'count' : ローカル変数は 1 度も使われていません。
       Link:
         C:\Program Files (x86)\Microsoft Visual Studio 12.0\VC\bin\link.exe /ERRORREPORT:PROMPT /OUT:"C:\Users\Naruse-PC\Documents\Visual Studio 2013\Projects\Project5\Debug\Project5.exe" /INCREMENTAL /NOLOGO /LIBPATH:"C:\Program Files (x86)\opencv\\build\x86\vc12\lib" opencv_core2413d.lib opencv_highgui2413d.lib opencv_imgproc2413d.lib kernel32.lib user32.lib gdi32.lib winspool.lib comdlg32.lib advapi32.lib shell32.lib ole32.lib oleaut32.lib uuid.lib odbc32.lib odbccp32.lib /MANIFEST /MANIFESTUAC:"level='asInvoker' uiAccess='false'" /manifest:embed /DEBUG /PDB:"C:\Users\Naruse-PC\Documents\Visual Studio 2013\Projects\Project5\Debug\Project5.pdb" /TLBID:1 /DYNAMICBASE /NXCOMPAT /IMPLIB:"C:\Users\Naruse-PC\Documents\Visual Studio 2013\Projects\Project5\Debug\Project5.lib" /MACHINE:X86 Debug\main.obj
         Project5.vcxproj -> C:\Users\Naruse-PC\Documents\Visual Studio 2013\Projects\Project5\Debug\Project5.exe
     1>プロジェクト "C:\Users\Naruse-PC\Documents\Visual Studio 2013\Projects\Project5\Project5\Project5.vcxproj" (Build ターゲット) のビルドが完了しました。

ビルドに成功しました。

経過時間 00:00:24.72
